[debug] [2021-09-30T16:33:19.340Z] ----------------------------------------------------------------------
[debug] [2021-09-30T16:33:19.360Z] Command:       C:\Program Files\nodejs\node.exe C:\Users\medbe\AppData\Roaming\npm\node_modules\firebase-tools\lib\bin\firebase.js emulators:start
[debug] [2021-09-30T16:33:19.363Z] CLI Version:   9.18.0
[debug] [2021-09-30T16:33:19.364Z] Platform:      win32
[debug] [2021-09-30T16:33:19.364Z] Node Version:  v14.17.0
[debug] [2021-09-30T16:33:19.369Z] Time:          Thu Sep 30 2021 18:33:19 GMT+0200 (Central European Summer Time)
[debug] [2021-09-30T16:33:19.370Z] ----------------------------------------------------------------------
[debug] 
[debug] [2021-09-30T16:33:20.398Z] > command requires scopes: ["email","openid","https://www.googleapis.com/auth/cloudplatformprojects.readonly","https://www.googleapis.com/auth/firebase","https://www.googleapis.com/auth/cloud-platform"]
[debug] [2021-09-30T16:33:20.401Z] > authorizing via signed-in user (medbentaher.enim@gmail.com)
[info] i  emulators: Starting emulators: functions {"metadata":{"emulator":{"name":"hub"},"message":"Starting emulators: functions"}}
[warn] !  emulators: It seems that you are running multiple instances of the emulator suite for project e-clone-cv. This may result in unexpected behavior. 
[debug] [2021-09-30T16:33:20.736Z] [hub] writing locator at C:\Users\medbe\AppData\Local\Temp\hub-e-clone-cv.json
[warn] !  functions: The following emulators are not running, calls to these services from the Functions emulator will affect production: auth, firestore, database, hosting, pubsub, storage {"metadata":{"emulator":{"name":"functions"},"message":"The following emulators are not running, calls to these services from the Functions emulator will affect production: \u001b[1mauth, firestore, database, hosting, pubsub, storage\u001b[22m"}}
[info] +  functions: Using node@14 from host. {"metadata":{"emulator":{"name":"functions"},"message":"Using node@14 from host."}}
[debug] [2021-09-30T16:33:21.092Z] defaultcredentials: writing to file C:\Users\medbe\AppData\Roaming\firebase\medbentaher_enim_gmail.com_application_default_credentials.json
[debug] [2021-09-30T16:33:21.202Z] Setting GAC to C:\Users\medbe\AppData\Roaming\firebase\medbentaher_enim_gmail.com_application_default_credentials.json {"metadata":{"emulator":{"name":"functions"},"message":"Setting GAC to C:\\Users\\medbe\\AppData\\Roaming\\firebase\\medbentaher_enim_gmail.com_application_default_credentials.json"}}
[debug] [2021-09-30T16:33:21.216Z] > refreshing access token with scopes: []
[debug] [2021-09-30T16:33:21.220Z] >>> HTTP REQUEST POST https://www.googleapis.com/oauth2/v3/token  
 <request body omitted>
[debug] [2021-09-30T16:33:22.331Z] <<< HTTP RESPONSE 200 {"expires":"Mon, 01 Jan 1990 00:00:00 GMT","cache-control":"no-cache, no-store, max-age=0, must-revalidate","pragma":"no-cache","date":"Thu, 30 Sep 2021 16:33:20 GMT","content-type":"application/json; charset=utf-8","vary":"X-Origin, Referer, Origin,Accept-Encoding","server":"scaffolding on HTTPServer2","x-xss-protection":"0","x-frame-options":"SAMEORIGIN","x-content-type-options":"nosniff","alt-svc":"h3=\":443\"; ma=2592000,h3-29=\":443\"; ma=2592000,h3-T051=\":443\"; ma=2592000,h3-Q050=\":443\"; ma=2592000,h3-Q046=\":443\"; ma=2592000,h3-Q043=\":443\"; ma=2592000,quic=\":443\"; ma=2592000; v=\"46,43\"","accept-ranges":"none","transfer-encoding":"chunked"}
[debug] [2021-09-30T16:33:22.751Z] >>> [apiv2][query] GET https://firebase.googleapis.com/v1beta1/projects/e-clone-cv/adminSdkConfig [none]
[debug] [2021-09-30T16:33:23.296Z] <<< [apiv2][status] GET https://firebase.googleapis.com/v1beta1/projects/e-clone-cv/adminSdkConfig 200
[debug] [2021-09-30T16:33:23.297Z] <<< [apiv2][body] GET https://firebase.googleapis.com/v1beta1/projects/e-clone-cv/adminSdkConfig {"projectId":"e-clone-cv","storageBucket":"e-clone-cv.appspot.com"}
[debug] [2021-09-30T16:33:23.688Z] Ignoring unsupported arg: auto_download {"metadata":{"emulator":{"name":"ui"},"message":"Ignoring unsupported arg: auto_download"}}
[debug] [2021-09-30T16:33:23.690Z] Ignoring unsupported arg: port {"metadata":{"emulator":{"name":"ui"},"message":"Ignoring unsupported arg: port"}}
[debug] [2021-09-30T16:33:23.692Z] Starting Emulator UI with command {"binary":"node","args":["C:\\Users\\medbe\\.cache\\firebase\\emulators\\ui-v1.6.3\\server.bundle.js"],"optionalArgs":[],"joinArgs":false} {"metadata":{"emulator":{"name":"ui"},"message":"Starting Emulator UI with command {\"binary\":\"node\",\"args\":[\"C:\\\\Users\\\\medbe\\\\.cache\\\\firebase\\\\emulators\\\\ui-v1.6.3\\\\server.bundle.js\"],\"optionalArgs\":[],\"joinArgs\":false}"}}
[info] i  ui: Emulator UI logging to ui-debug.log {"metadata":{"emulator":{"name":"ui"},"message":"Emulator UI logging to \u001b[1mui-debug.log\u001b[22m"}}
[debug] [2021-09-30T16:33:24.814Z] Web / API server started at localhost:4000
 {"metadata":{"emulator":{"name":"ui"},"message":"Web / API server started at localhost:4000\n"}}
[info] i  functions: Watching "C:\Users\medbe\OneDrive\Desktop\amazone-clone\amazone-clone\functions" for Cloud Functions... {"metadata":{"emulator":{"name":"functions"},"message":"Watching \"C:\\Users\\medbe\\OneDrive\\Desktop\\amazone-clone\\amazone-clone\\functions\" for Cloud Functions..."}}
[debug] [2021-09-30T16:33:26.700Z] [worker-pool] addWorker(~diagnostic~) {"metadata":{"emulator":{"name":"functions"},"message":"[worker-pool] addWorker(~diagnostic~)"}}
[debug] [2021-09-30T16:33:26.702Z] [worker-pool] Adding worker with key ~diagnostic~, total=1 {"metadata":{"emulator":{"name":"functions"},"message":"[worker-pool] Adding worker with key ~diagnostic~, total=1"}}
[debug] [2021-09-30T16:33:26.703Z] [worker-pool] submitWork(triggerId=) {"metadata":{"emulator":{"name":"functions"},"message":"[worker-pool] submitWork(triggerId=)"}}
[debug] [2021-09-30T16:33:26.706Z] [worker-~diagnostic~-b111b0de-373c-4d51-8d2a-4778d220a4f9]: Assigning socketPath: \\?\pipe\C:\Users\medbe\OneDrive\Desktop\amazone-clone\amazone-clone\functions\15720 {"metadata":{"emulator":{"name":"functions"},"message":"[worker-~diagnostic~-b111b0de-373c-4d51-8d2a-4778d220a4f9]: Assigning socketPath: \\\\?\\pipe\\C:\\Users\\medbe\\OneDrive\\Desktop\\amazone-clone\\amazone-clone\\functions\\15720"}}
[debug] [2021-09-30T16:33:26.710Z] [worker-~diagnostic~-b111b0de-373c-4d51-8d2a-4778d220a4f9]: BUSY {"metadata":{"emulator":{"name":"functions"},"message":"[worker-~diagnostic~-b111b0de-373c-4d51-8d2a-4778d220a4f9]: BUSY"}}
[debug] [2021-09-30T16:33:29.807Z] [runtime-status] [15720] Functions runtime initialized. {"cwd":"C:\\Users\\medbe\\OneDrive\\Desktop\\amazone-clone\\amazone-clone\\functions","node_version":"14.17.0"} {"metadata":{"emulator":{"name":"functions"},"message":"[runtime-status] [15720] Functions runtime initialized. {\"cwd\":\"C:\\\\Users\\\\medbe\\\\OneDrive\\\\Desktop\\\\amazone-clone\\\\amazone-clone\\\\functions\",\"node_version\":\"14.17.0\"}"}}
[debug] [2021-09-30T16:33:29.825Z] [runtime-status] [15720] Disabled runtime features: undefined {"metadata":{"emulator":{"name":"functions"},"message":"[runtime-status] [15720] Disabled runtime features: undefined"}}
[debug] [2021-09-30T16:33:29.908Z] [runtime-status] [15720] Resolved module firebase-admin {"declared":true,"installed":true,"version":"9.12.0","resolution":"C:\\Users\\medbe\\OneDrive\\Desktop\\amazone-clone\\amazone-clone\\functions\\node_modules\\firebase-admin\\lib\\index.js"} {"metadata":{"emulator":{"name":"functions"},"message":"[runtime-status] [15720] Resolved module firebase-admin {\"declared\":true,\"installed\":true,\"version\":\"9.12.0\",\"resolution\":\"C:\\\\Users\\\\medbe\\\\OneDrive\\\\Desktop\\\\amazone-clone\\\\amazone-clone\\\\functions\\\\node_modules\\\\firebase-admin\\\\lib\\\\index.js\"}"}}
[debug] [2021-09-30T16:33:30.021Z] [runtime-status] [15720] Resolved module firebase-functions {"declared":true,"installed":true,"version":"3.15.7","resolution":"C:\\Users\\medbe\\OneDrive\\Desktop\\amazone-clone\\amazone-clone\\functions\\node_modules\\firebase-functions\\lib\\index.js"} {"metadata":{"emulator":{"name":"functions"},"message":"[runtime-status] [15720] Resolved module firebase-functions {\"declared\":true,\"installed\":true,\"version\":\"3.15.7\",\"resolution\":\"C:\\\\Users\\\\medbe\\\\OneDrive\\\\Desktop\\\\amazone-clone\\\\amazone-clone\\\\functions\\\\node_modules\\\\firebase-functions\\\\lib\\\\index.js\"}"}}
[debug] [2021-09-30T16:33:30.037Z] [runtime-status] [15720] Resolved module firebase-functions {"declared":true,"installed":true,"version":"3.15.7","resolution":"C:\\Users\\medbe\\OneDrive\\Desktop\\amazone-clone\\amazone-clone\\functions\\node_modules\\firebase-functions\\lib\\index.js"} {"metadata":{"emulator":{"name":"functions"},"message":"[runtime-status] [15720] Resolved module firebase-functions {\"declared\":true,\"installed\":true,\"version\":\"3.15.7\",\"resolution\":\"C:\\\\Users\\\\medbe\\\\OneDrive\\\\Desktop\\\\amazone-clone\\\\amazone-clone\\\\functions\\\\node_modules\\\\firebase-functions\\\\lib\\\\index.js\"}"}}
[debug] [2021-09-30T16:33:30.046Z] [runtime-status] [15720] Outgoing network have been stubbed. [{"name":"http","status":"mocked"},{"name":"http","status":"mocked"},{"name":"https","status":"mocked"},{"name":"https","status":"mocked"},{"name":"net","status":"mocked"}] {"metadata":{"emulator":{"name":"functions"},"message":"[runtime-status] [15720] Outgoing network have been stubbed. [{\"name\":\"http\",\"status\":\"mocked\"},{\"name\":\"http\",\"status\":\"mocked\"},{\"name\":\"https\",\"status\":\"mocked\"},{\"name\":\"https\",\"status\":\"mocked\"},{\"name\":\"net\",\"status\":\"mocked\"}]"}}
[debug] [2021-09-30T16:33:30.052Z] [runtime-status] [15720] Resolved module firebase-functions {"declared":true,"installed":true,"version":"3.15.7","resolution":"C:\\Users\\medbe\\OneDrive\\Desktop\\amazone-clone\\amazone-clone\\functions\\node_modules\\firebase-functions\\lib\\index.js"} {"metadata":{"emulator":{"name":"functions"},"message":"[runtime-status] [15720] Resolved module firebase-functions {\"declared\":true,\"installed\":true,\"version\":\"3.15.7\",\"resolution\":\"C:\\\\Users\\\\medbe\\\\OneDrive\\\\Desktop\\\\amazone-clone\\\\amazone-clone\\\\functions\\\\node_modules\\\\firebase-functions\\\\lib\\\\index.js\"}"}}
[debug] [2021-09-30T16:33:32.436Z] [runtime-status] [15720] Checked functions.config() {"config":{}} {"metadata":{"emulator":{"name":"functions"},"message":"[runtime-status] [15720] Checked functions.config() {\"config\":{}}"}}
[debug] [2021-09-30T16:33:32.440Z] [runtime-status] [15720] firebase-functions has been stubbed. {"functionsResolution":{"declared":true,"installed":true,"version":"3.15.7","resolution":"C:\\Users\\medbe\\OneDrive\\Desktop\\amazone-clone\\amazone-clone\\functions\\node_modules\\firebase-functions\\lib\\index.js"}} {"metadata":{"emulator":{"name":"functions"},"message":"[runtime-status] [15720] firebase-functions has been stubbed. {\"functionsResolution\":{\"declared\":true,\"installed\":true,\"version\":\"3.15.7\",\"resolution\":\"C:\\\\Users\\\\medbe\\\\OneDrive\\\\Desktop\\\\amazone-clone\\\\amazone-clone\\\\functions\\\\node_modules\\\\firebase-functions\\\\lib\\\\index.js\"}}"}}
[debug] [2021-09-30T16:33:32.447Z] [runtime-status] [15720] Resolved module firebase-functions {"declared":true,"installed":true,"version":"3.15.7","resolution":"C:\\Users\\medbe\\OneDrive\\Desktop\\amazone-clone\\amazone-clone\\functions\\node_modules\\firebase-functions\\lib\\index.js"} {"metadata":{"emulator":{"name":"functions"},"message":"[runtime-status] [15720] Resolved module firebase-functions {\"declared\":true,\"installed\":true,\"version\":\"3.15.7\",\"resolution\":\"C:\\\\Users\\\\medbe\\\\OneDrive\\\\Desktop\\\\amazone-clone\\\\amazone-clone\\\\functions\\\\node_modules\\\\firebase-functions\\\\lib\\\\index.js\"}"}}
[debug] [2021-09-30T16:33:32.458Z] [runtime-status] [15720] Resolved module firebase-admin {"declared":true,"installed":true,"version":"9.12.0","resolution":"C:\\Users\\medbe\\OneDrive\\Desktop\\amazone-clone\\amazone-clone\\functions\\node_modules\\firebase-admin\\lib\\index.js"} {"metadata":{"emulator":{"name":"functions"},"message":"[runtime-status] [15720] Resolved module firebase-admin {\"declared\":true,\"installed\":true,\"version\":\"9.12.0\",\"resolution\":\"C:\\\\Users\\\\medbe\\\\OneDrive\\\\Desktop\\\\amazone-clone\\\\amazone-clone\\\\functions\\\\node_modules\\\\firebase-admin\\\\lib\\\\index.js\"}"}}
[debug] [2021-09-30T16:33:32.466Z] [runtime-status] [15720] Resolved module firebase-functions {"declared":true,"installed":true,"version":"3.15.7","resolution":"C:\\Users\\medbe\\OneDrive\\Desktop\\amazone-clone\\amazone-clone\\functions\\node_modules\\firebase-functions\\lib\\index.js"} {"metadata":{"emulator":{"name":"functions"},"message":"[runtime-status] [15720] Resolved module firebase-functions {\"declared\":true,\"installed\":true,\"version\":\"3.15.7\",\"resolution\":\"C:\\\\Users\\\\medbe\\\\OneDrive\\\\Desktop\\\\amazone-clone\\\\amazone-clone\\\\functions\\\\node_modules\\\\firebase-functions\\\\lib\\\\index.js\"}"}}
[debug] [2021-09-30T16:33:32.468Z] [runtime-status] [15720] firebase-admin has been stubbed. {"adminResolution":{"declared":true,"installed":true,"version":"9.12.0","resolution":"C:\\Users\\medbe\\OneDrive\\Desktop\\amazone-clone\\amazone-clone\\functions\\node_modules\\firebase-admin\\lib\\index.js"}} {"metadata":{"emulator":{"name":"functions"},"message":"[runtime-status] [15720] firebase-admin has been stubbed. {\"adminResolution\":{\"declared\":true,\"installed\":true,\"version\":\"9.12.0\",\"resolution\":\"C:\\\\Users\\\\medbe\\\\OneDrive\\\\Desktop\\\\amazone-clone\\\\amazone-clone\\\\functions\\\\node_modules\\\\firebase-admin\\\\lib\\\\index.js\"}}"}}
[info] +  functions[us-central1-api]: http function initialized (http://localhost:5001/e-clone-cv/us-central1/api). {"metadata":{"emulator":{"name":"functions"},"message":"\u001b[1mhttp\u001b[22m function initialized (http://localhost:5001/e-clone-cv/us-central1/api)."}}
[info] 
┌─────────────────────────────────────────────────────────────┐
│ ✔  All emulators ready! It is now safe to connect your app. │
│ i  View Emulator UI at http://localhost:4000                │
└─────────────────────────────────────────────────────────────┘

┌───────────┬────────────────┬─────────────────────────────────┐
│ Emulator  │ Host:Port      │ View in Emulator UI             │
├───────────┼────────────────┼─────────────────────────────────┤
│ Functions │ localhost:5001 │ http://localhost:4000/functions │
└───────────┴────────────────┴─────────────────────────────────┘
  Emulator Hub running at localhost:4400
  Other reserved ports: 4500

Issues? Report them at https://github.com/firebase/firebase-tools/issues and attach the *-debug.log files.
 
[debug] [2021-09-30T16:33:47.669Z] [worker-~diagnostic~-b111b0de-373c-4d51-8d2a-4778d220a4f9]: IDLE {"metadata":{"emulator":{"name":"functions"},"message":"[worker-~diagnostic~-b111b0de-373c-4d51-8d2a-4778d220a4f9]: IDLE"}}
[debug] [2021-09-30T16:35:03.723Z] [work-queue] {"queueLength":1,"workRunningCount":0}
[debug] [2021-09-30T16:35:03.724Z] [work-queue] {"queueLength":0,"workRunningCount":1}
[debug] [2021-09-30T16:35:03.726Z] Accepted request POST /e-clone-cv/us-central1/api/payments/create?total=200 --> us-central1-api
[debug] [2021-09-30T16:35:03.762Z] [worker-pool] addWorker(us-central1-api) {"metadata":{"emulator":{"name":"functions"},"message":"[worker-pool] addWorker(us-central1-api)"}}
[debug] [2021-09-30T16:35:03.764Z] [worker-pool] Adding worker with key us-central1-api, total=1 {"metadata":{"emulator":{"name":"functions"},"message":"[worker-pool] Adding worker with key us-central1-api, total=1"}}
[debug] [2021-09-30T16:35:03.765Z] [worker-pool] submitWork(triggerId=us-central1-api) {"metadata":{"emulator":{"name":"functions"},"message":"[worker-pool] submitWork(triggerId=us-central1-api)"}}
[debug] [2021-09-30T16:35:03.766Z] [worker-us-central1-api-a54ed06e-e1f4-406f-b74b-2f1bd2a093f4]: Assigning socketPath: \\?\pipe\C:\Users\medbe\OneDrive\Desktop\amazone-clone\amazone-clone\functions\16844 {"metadata":{"emulator":{"name":"functions"},"message":"[worker-us-central1-api-a54ed06e-e1f4-406f-b74b-2f1bd2a093f4]: Assigning socketPath: \\\\?\\pipe\\C:\\Users\\medbe\\OneDrive\\Desktop\\amazone-clone\\amazone-clone\\functions\\16844"}}
[debug] [2021-09-30T16:35:03.767Z] [worker-us-central1-api-a54ed06e-e1f4-406f-b74b-2f1bd2a093f4]: BUSY {"metadata":{"emulator":{"name":"functions"},"message":"[worker-us-central1-api-a54ed06e-e1f4-406f-b74b-2f1bd2a093f4]: BUSY"}}
[debug] [2021-09-30T16:35:06.636Z] [runtime-status] [16844] Functions runtime initialized. {"cwd":"C:\\Users\\medbe\\OneDrive\\Desktop\\amazone-clone\\amazone-clone\\functions","node_version":"14.17.0"} {"metadata":{"emulator":{"name":"functions"},"function":{"name":"us-central1-api"},"message":"[runtime-status] [16844] Functions runtime initialized. {\"cwd\":\"C:\\\\Users\\\\medbe\\\\OneDrive\\\\Desktop\\\\amazone-clone\\\\amazone-clone\\\\functions\",\"node_version\":\"14.17.0\"}"}}
[debug] [2021-09-30T16:35:06.662Z] [runtime-status] [16844] Disabled runtime features: undefined {"metadata":{"emulator":{"name":"functions"},"function":{"name":"us-central1-api"},"message":"[runtime-status] [16844] Disabled runtime features: undefined"}}
[debug] [2021-09-30T16:35:06.701Z] [runtime-status] [16844] Resolved module firebase-admin {"declared":true,"installed":true,"version":"9.12.0","resolution":"C:\\Users\\medbe\\OneDrive\\Desktop\\amazone-clone\\amazone-clone\\functions\\node_modules\\firebase-admin\\lib\\index.js"} {"metadata":{"emulator":{"name":"functions"},"function":{"name":"us-central1-api"},"message":"[runtime-status] [16844] Resolved module firebase-admin {\"declared\":true,\"installed\":true,\"version\":\"9.12.0\",\"resolution\":\"C:\\\\Users\\\\medbe\\\\OneDrive\\\\Desktop\\\\amazone-clone\\\\amazone-clone\\\\functions\\\\node_modules\\\\firebase-admin\\\\lib\\\\index.js\"}"}}
[debug] [2021-09-30T16:35:06.730Z] [runtime-status] [16844] Resolved module firebase-functions {"declared":true,"installed":true,"version":"3.15.7","resolution":"C:\\Users\\medbe\\OneDrive\\Desktop\\amazone-clone\\amazone-clone\\functions\\node_modules\\firebase-functions\\lib\\index.js"} {"metadata":{"emulator":{"name":"functions"},"function":{"name":"us-central1-api"},"message":"[runtime-status] [16844] Resolved module firebase-functions {\"declared\":true,\"installed\":true,\"version\":\"3.15.7\",\"resolution\":\"C:\\\\Users\\\\medbe\\\\OneDrive\\\\Desktop\\\\amazone-clone\\\\amazone-clone\\\\functions\\\\node_modules\\\\firebase-functions\\\\lib\\\\index.js\"}"}}
[debug] [2021-09-30T16:35:06.749Z] [runtime-status] [16844] Resolved module firebase-functions {"declared":true,"installed":true,"version":"3.15.7","resolution":"C:\\Users\\medbe\\OneDrive\\Desktop\\amazone-clone\\amazone-clone\\functions\\node_modules\\firebase-functions\\lib\\index.js"} {"metadata":{"emulator":{"name":"functions"},"function":{"name":"us-central1-api"},"message":"[runtime-status] [16844] Resolved module firebase-functions {\"declared\":true,\"installed\":true,\"version\":\"3.15.7\",\"resolution\":\"C:\\\\Users\\\\medbe\\\\OneDrive\\\\Desktop\\\\amazone-clone\\\\amazone-clone\\\\functions\\\\node_modules\\\\firebase-functions\\\\lib\\\\index.js\"}"}}
[debug] [2021-09-30T16:35:06.763Z] [runtime-status] [16844] Outgoing network have been stubbed. [{"name":"http","status":"mocked"},{"name":"http","status":"mocked"},{"name":"https","status":"mocked"},{"name":"https","status":"mocked"},{"name":"net","status":"mocked"}] {"metadata":{"emulator":{"name":"functions"},"function":{"name":"us-central1-api"},"message":"[runtime-status] [16844] Outgoing network have been stubbed. [{\"name\":\"http\",\"status\":\"mocked\"},{\"name\":\"http\",\"status\":\"mocked\"},{\"name\":\"https\",\"status\":\"mocked\"},{\"name\":\"https\",\"status\":\"mocked\"},{\"name\":\"net\",\"status\":\"mocked\"}]"}}
[debug] [2021-09-30T16:35:06.770Z] [runtime-status] [16844] Resolved module firebase-functions {"declared":true,"installed":true,"version":"3.15.7","resolution":"C:\\Users\\medbe\\OneDrive\\Desktop\\amazone-clone\\amazone-clone\\functions\\node_modules\\firebase-functions\\lib\\index.js"} {"metadata":{"emulator":{"name":"functions"},"function":{"name":"us-central1-api"},"message":"[runtime-status] [16844] Resolved module firebase-functions {\"declared\":true,\"installed\":true,\"version\":\"3.15.7\",\"resolution\":\"C:\\\\Users\\\\medbe\\\\OneDrive\\\\Desktop\\\\amazone-clone\\\\amazone-clone\\\\functions\\\\node_modules\\\\firebase-functions\\\\lib\\\\index.js\"}"}}
[debug] [2021-09-30T16:35:07.162Z] [runtime-status] [16844] Checked functions.config() {"config":{}} {"metadata":{"emulator":{"name":"functions"},"function":{"name":"us-central1-api"},"message":"[runtime-status] [16844] Checked functions.config() {\"config\":{}}"}}
[debug] [2021-09-30T16:35:07.164Z] [runtime-status] [16844] firebase-functions has been stubbed. {"functionsResolution":{"declared":true,"installed":true,"version":"3.15.7","resolution":"C:\\Users\\medbe\\OneDrive\\Desktop\\amazone-clone\\amazone-clone\\functions\\node_modules\\firebase-functions\\lib\\index.js"}} {"metadata":{"emulator":{"name":"functions"},"function":{"name":"us-central1-api"},"message":"[runtime-status] [16844] firebase-functions has been stubbed. {\"functionsResolution\":{\"declared\":true,\"installed\":true,\"version\":\"3.15.7\",\"resolution\":\"C:\\\\Users\\\\medbe\\\\OneDrive\\\\Desktop\\\\amazone-clone\\\\amazone-clone\\\\functions\\\\node_modules\\\\firebase-functions\\\\lib\\\\index.js\"}}"}}
[debug] [2021-09-30T16:35:07.168Z] [runtime-status] [16844] Resolved module firebase-functions {"declared":true,"installed":true,"version":"3.15.7","resolution":"C:\\Users\\medbe\\OneDrive\\Desktop\\amazone-clone\\amazone-clone\\functions\\node_modules\\firebase-functions\\lib\\index.js"} {"metadata":{"emulator":{"name":"functions"},"function":{"name":"us-central1-api"},"message":"[runtime-status] [16844] Resolved module firebase-functions {\"declared\":true,\"installed\":true,\"version\":\"3.15.7\",\"resolution\":\"C:\\\\Users\\\\medbe\\\\OneDrive\\\\Desktop\\\\amazone-clone\\\\amazone-clone\\\\functions\\\\node_modules\\\\firebase-functions\\\\lib\\\\index.js\"}"}}
[debug] [2021-09-30T16:35:07.181Z] [runtime-status] [16844] Resolved module firebase-admin {"declared":true,"installed":true,"version":"9.12.0","resolution":"C:\\Users\\medbe\\OneDrive\\Desktop\\amazone-clone\\amazone-clone\\functions\\node_modules\\firebase-admin\\lib\\index.js"} {"metadata":{"emulator":{"name":"functions"},"function":{"name":"us-central1-api"},"message":"[runtime-status] [16844] Resolved module firebase-admin {\"declared\":true,\"installed\":true,\"version\":\"9.12.0\",\"resolution\":\"C:\\\\Users\\\\medbe\\\\OneDrive\\\\Desktop\\\\amazone-clone\\\\amazone-clone\\\\functions\\\\node_modules\\\\firebase-admin\\\\lib\\\\index.js\"}"}}
[debug] [2021-09-30T16:35:07.190Z] [runtime-status] [16844] Resolved module firebase-functions {"declared":true,"installed":true,"version":"3.15.7","resolution":"C:\\Users\\medbe\\OneDrive\\Desktop\\amazone-clone\\amazone-clone\\functions\\node_modules\\firebase-functions\\lib\\index.js"} {"metadata":{"emulator":{"name":"functions"},"function":{"name":"us-central1-api"},"message":"[runtime-status] [16844] Resolved module firebase-functions {\"declared\":true,\"installed\":true,\"version\":\"3.15.7\",\"resolution\":\"C:\\\\Users\\\\medbe\\\\OneDrive\\\\Desktop\\\\amazone-clone\\\\amazone-clone\\\\functions\\\\node_modules\\\\firebase-functions\\\\lib\\\\index.js\"}"}}
[debug] [2021-09-30T16:35:07.192Z] [runtime-status] [16844] firebase-admin has been stubbed. {"adminResolution":{"declared":true,"installed":true,"version":"9.12.0","resolution":"C:\\Users\\medbe\\OneDrive\\Desktop\\amazone-clone\\amazone-clone\\functions\\node_modules\\firebase-admin\\lib\\index.js"}} {"metadata":{"emulator":{"name":"functions"},"function":{"name":"us-central1-api"},"message":"[runtime-status] [16844] firebase-admin has been stubbed. {\"adminResolution\":{\"declared\":true,\"installed\":true,\"version\":\"9.12.0\",\"resolution\":\"C:\\\\Users\\\\medbe\\\\OneDrive\\\\Desktop\\\\amazone-clone\\\\amazone-clone\\\\functions\\\\node_modules\\\\firebase-admin\\\\lib\\\\index.js\"}}"}}
[debug] [2021-09-30T16:35:08.338Z] [runtime-status] [16844] Trigger "us-central1-api" has been found, beginning invocation! {"metadata":{"emulator":{"name":"functions"},"function":{"name":"us-central1-api"},"message":"[runtime-status] [16844] Trigger \"us-central1-api\" has been found, beginning invocation!"}}
[info] i  functions: Beginning execution of "us-central1-api" {"metadata":{"emulator":{"name":"functions"},"function":{"name":"us-central1-api"},"message":"Beginning execution of \"us-central1-api\""}}
[debug] [2021-09-30T16:35:08.344Z] [runtime-status] [16844] triggerDefinition {"httpsTrigger":{},"name":"api","entryPoint":"api","regions":["us-central1"],"region":"us-central1","id":"us-central1-api"} {"metadata":{"emulator":{"name":"functions"},"function":{"name":"us-central1-api"},"message":"[runtime-status] [16844] triggerDefinition {\"httpsTrigger\":{},\"name\":\"api\",\"entryPoint\":\"api\",\"regions\":[\"us-central1\"],\"region\":\"us-central1\",\"id\":\"us-central1-api\"}"}}
[debug] [2021-09-30T16:35:08.345Z] [runtime-status] [16844] Running us-central1-api in mode HTTPS {"metadata":{"emulator":{"name":"functions"},"function":{"name":"us-central1-api"},"message":"[runtime-status] [16844] Running us-central1-api in mode HTTPS"}}
[debug] [2021-09-30T16:35:08.363Z] [runtime-status] [16844] Attempting to listen to socketPath: \\?\pipe\C:\Users\medbe\OneDrive\Desktop\amazone-clone\amazone-clone\functions\16844 {"metadata":{"emulator":{"name":"functions"},"function":{"name":"us-central1-api"},"message":"[runtime-status] [16844] Attempting to listen to socketPath: \\\\?\\pipe\\C:\\Users\\medbe\\OneDrive\\Desktop\\amazone-clone\\amazone-clone\\functions\\16844"}}
[debug] [2021-09-30T16:35:08.377Z] [functions] Runtime ready! Sending request! {"metadata":{"emulator":{"name":"functions"},"message":"[functions] Runtime ready! Sending request!"}}
[debug] [2021-09-30T16:35:08.382Z] [functions] Got req.url=/e-clone-cv/us-central1/api/payments/create?total=200, mapping to path=/payments/create?total=200 {"metadata":{"emulator":{"name":"functions"},"message":"[functions] Got req.url=/e-clone-cv/us-central1/api/payments/create?total=200, mapping to path=/payments/create?total=200"}}
[debug] [2021-09-30T16:35:08.420Z] [runtime-status] [16844] Ephemeral server handling POST request {"metadata":{"emulator":{"name":"functions"},"function":{"name":"us-central1-api"},"message":"[runtime-status] [16844] Ephemeral server handling POST request"}}
[debug] [2021-09-30T16:35:08.475Z] [runtime-status] [16844] Ephemeral server survived. {"metadata":{"emulator":{"name":"functions"},"function":{"name":"us-central1-api"},"message":"[runtime-status] [16844] Ephemeral server survived."}}
[info] >  paymentIntent pi_3JfSDvDCdRl38bAA0XxJnVLI_secret_m3f8H1N8KGR6s9bRNTOfXpipF {"user":"paymentIntent pi_3JfSDvDCdRl38bAA0XxJnVLI_secret_m3f8H1N8KGR6s9bRNTOfXpipF","metadata":{"emulator":{"name":"functions"},"function":{"name":"us-central1-api"},"message":"\u001b[90m> \u001b[39m paymentIntent pi_3JfSDvDCdRl38bAA0XxJnVLI_secret_m3f8H1N8KGR6s9bRNTOfXpipF"}}
[info] i  functions: Finished "us-central1-api" in ~2s {"metadata":{"emulator":{"name":"functions"},"function":{"name":"us-central1-api"},"message":"Finished \"us-central1-api\" in ~2s"}}
[debug] [2021-09-30T16:35:10.437Z] [worker-us-central1-api-a54ed06e-e1f4-406f-b74b-2f1bd2a093f4]: IDLE {"metadata":{"emulator":{"name":"functions"},"message":"[worker-us-central1-api-a54ed06e-e1f4-406f-b74b-2f1bd2a093f4]: IDLE"}}
[debug] [2021-09-30T16:35:10.439Z] [work-queue] {"queueLength":0,"workRunningCount":0}
[debug] [2021-09-30T16:36:04.964Z] [work-queue] {"queueLength":1,"workRunningCount":0}
[debug] [2021-09-30T16:36:04.966Z] [work-queue] {"queueLength":0,"workRunningCount":1}
[debug] [2021-09-30T16:36:04.967Z] Accepted request POST /e-clone-cv/us-central1/api/payments/create?total=200 --> us-central1-api
[debug] [2021-09-30T16:36:04.969Z] [worker-pool] submitWork(triggerId=us-central1-api) {"metadata":{"emulator":{"name":"functions"},"message":"[worker-pool] submitWork(triggerId=us-central1-api)"}}
[debug] [2021-09-30T16:36:04.970Z] [worker-us-central1-api-a54ed06e-e1f4-406f-b74b-2f1bd2a093f4]: Assigning socketPath: \\?\pipe\C:\Users\medbe\OneDrive\Desktop\amazone-clone\amazone-clone\functions\16844 {"metadata":{"emulator":{"name":"functions"},"message":"[worker-us-central1-api-a54ed06e-e1f4-406f-b74b-2f1bd2a093f4]: Assigning socketPath: \\\\?\\pipe\\C:\\Users\\medbe\\OneDrive\\Desktop\\amazone-clone\\amazone-clone\\functions\\16844"}}
[debug] [2021-09-30T16:36:04.972Z] [worker-us-central1-api-a54ed06e-e1f4-406f-b74b-2f1bd2a093f4]: BUSY {"metadata":{"emulator":{"name":"functions"},"message":"[worker-us-central1-api-a54ed06e-e1f4-406f-b74b-2f1bd2a093f4]: BUSY"}}
[debug] [2021-09-30T16:36:04.976Z] [runtime-status] [16844] Trigger "us-central1-api" has been found, beginning invocation! {"metadata":{"emulator":{"name":"functions"},"function":{"name":"us-central1-api"},"message":"[runtime-status] [16844] Trigger \"us-central1-api\" has been found, beginning invocation!"}}
[info] i  functions: Beginning execution of "us-central1-api" {"metadata":{"emulator":{"name":"functions"},"function":{"name":"us-central1-api"},"message":"Beginning execution of \"us-central1-api\""}}
[debug] [2021-09-30T16:36:04.983Z] [runtime-status] [16844] triggerDefinition {"httpsTrigger":{},"name":"api","entryPoint":"api","regions":["us-central1"],"region":"us-central1","id":"us-central1-api"} {"metadata":{"emulator":{"name":"functions"},"function":{"name":"us-central1-api"},"message":"[runtime-status] [16844] triggerDefinition {\"httpsTrigger\":{},\"name\":\"api\",\"entryPoint\":\"api\",\"regions\":[\"us-central1\"],\"region\":\"us-central1\",\"id\":\"us-central1-api\"}"}}
[debug] [2021-09-30T16:36:04.985Z] [runtime-status] [16844] Running us-central1-api in mode HTTPS {"metadata":{"emulator":{"name":"functions"},"function":{"name":"us-central1-api"},"message":"[runtime-status] [16844] Running us-central1-api in mode HTTPS"}}
[debug] [2021-09-30T16:36:04.986Z] [runtime-status] [16844] Attempting to listen to socketPath: \\?\pipe\C:\Users\medbe\OneDrive\Desktop\amazone-clone\amazone-clone\functions\16844 {"metadata":{"emulator":{"name":"functions"},"function":{"name":"us-central1-api"},"message":"[runtime-status] [16844] Attempting to listen to socketPath: \\\\?\\pipe\\C:\\Users\\medbe\\OneDrive\\Desktop\\amazone-clone\\amazone-clone\\functions\\16844"}}
[debug] [2021-09-30T16:36:04.992Z] [functions] Runtime ready! Sending request! {"metadata":{"emulator":{"name":"functions"},"message":"[functions] Runtime ready! Sending request!"}}
[debug] [2021-09-30T16:36:04.994Z] [functions] Got req.url=/e-clone-cv/us-central1/api/payments/create?total=200, mapping to path=/payments/create?total=200 {"metadata":{"emulator":{"name":"functions"},"message":"[functions] Got req.url=/e-clone-cv/us-central1/api/payments/create?total=200, mapping to path=/payments/create?total=200"}}
[debug] [2021-09-30T16:36:05.012Z] [runtime-status] [16844] Ephemeral server handling POST request {"metadata":{"emulator":{"name":"functions"},"function":{"name":"us-central1-api"},"message":"[runtime-status] [16844] Ephemeral server handling POST request"}}
[debug] [2021-09-30T16:36:05.025Z] [runtime-status] [16844] Ephemeral server survived. {"metadata":{"emulator":{"name":"functions"},"function":{"name":"us-central1-api"},"message":"[runtime-status] [16844] Ephemeral server survived."}}
[info] >  paymentIntent pi_3JfSEpDCdRl38bAA1TWeALjL_secret_ZUKZZxUd5fx6oVtXZVvURRGzl {"user":"paymentIntent pi_3JfSEpDCdRl38bAA1TWeALjL_secret_ZUKZZxUd5fx6oVtXZVvURRGzl","metadata":{"emulator":{"name":"functions"},"function":{"name":"us-central1-api"},"message":"\u001b[90m> \u001b[39m paymentIntent pi_3JfSEpDCdRl38bAA1TWeALjL_secret_ZUKZZxUd5fx6oVtXZVvURRGzl"}}
[info] i  functions: Finished "us-central1-api" in ~1s {"metadata":{"emulator":{"name":"functions"},"function":{"name":"us-central1-api"},"message":"Finished \"us-central1-api\" in ~1s"}}
[debug] [2021-09-30T16:36:05.450Z] [worker-us-central1-api-a54ed06e-e1f4-406f-b74b-2f1bd2a093f4]: IDLE {"metadata":{"emulator":{"name":"functions"},"message":"[worker-us-central1-api-a54ed06e-e1f4-406f-b74b-2f1bd2a093f4]: IDLE"}}
[debug] [2021-09-30T16:36:05.452Z] [work-queue] {"queueLength":0,"workRunningCount":0}
[debug] [2021-09-30T16:36:30.874Z] [work-queue] {"queueLength":1,"workRunningCount":0}
[debug] [2021-09-30T16:36:30.876Z] [work-queue] {"queueLength":0,"workRunningCount":1}
[debug] [2021-09-30T16:36:30.877Z] Accepted request POST /e-clone-cv/us-central1/api/payments/create?total=200 --> us-central1-api
[debug] [2021-09-30T16:36:30.878Z] [worker-pool] submitWork(triggerId=us-central1-api) {"metadata":{"emulator":{"name":"functions"},"message":"[worker-pool] submitWork(triggerId=us-central1-api)"}}
[debug] [2021-09-30T16:36:30.879Z] [worker-us-central1-api-a54ed06e-e1f4-406f-b74b-2f1bd2a093f4]: Assigning socketPath: \\?\pipe\C:\Users\medbe\OneDrive\Desktop\amazone-clone\amazone-clone\functions\16844 {"metadata":{"emulator":{"name":"functions"},"message":"[worker-us-central1-api-a54ed06e-e1f4-406f-b74b-2f1bd2a093f4]: Assigning socketPath: \\\\?\\pipe\\C:\\Users\\medbe\\OneDrive\\Desktop\\amazone-clone\\amazone-clone\\functions\\16844"}}
[debug] [2021-09-30T16:36:30.881Z] [worker-us-central1-api-a54ed06e-e1f4-406f-b74b-2f1bd2a093f4]: BUSY {"metadata":{"emulator":{"name":"functions"},"message":"[worker-us-central1-api-a54ed06e-e1f4-406f-b74b-2f1bd2a093f4]: BUSY"}}
[debug] [2021-09-30T16:36:30.884Z] [runtime-status] [16844] Trigger "us-central1-api" has been found, beginning invocation! {"metadata":{"emulator":{"name":"functions"},"function":{"name":"us-central1-api"},"message":"[runtime-status] [16844] Trigger \"us-central1-api\" has been found, beginning invocation!"}}
[info] i  functions: Beginning execution of "us-central1-api" {"metadata":{"emulator":{"name":"functions"},"function":{"name":"us-central1-api"},"message":"Beginning execution of \"us-central1-api\""}}
[debug] [2021-09-30T16:36:30.890Z] [runtime-status] [16844] triggerDefinition {"httpsTrigger":{},"name":"api","entryPoint":"api","regions":["us-central1"],"region":"us-central1","id":"us-central1-api"} {"metadata":{"emulator":{"name":"functions"},"function":{"name":"us-central1-api"},"message":"[runtime-status] [16844] triggerDefinition {\"httpsTrigger\":{},\"name\":\"api\",\"entryPoint\":\"api\",\"regions\":[\"us-central1\"],\"region\":\"us-central1\",\"id\":\"us-central1-api\"}"}}
[debug] [2021-09-30T16:36:30.892Z] [runtime-status] [16844] Running us-central1-api in mode HTTPS {"metadata":{"emulator":{"name":"functions"},"function":{"name":"us-central1-api"},"message":"[runtime-status] [16844] Running us-central1-api in mode HTTPS"}}
[debug] [2021-09-30T16:36:30.894Z] [runtime-status] [16844] Attempting to listen to socketPath: \\?\pipe\C:\Users\medbe\OneDrive\Desktop\amazone-clone\amazone-clone\functions\16844 {"metadata":{"emulator":{"name":"functions"},"function":{"name":"us-central1-api"},"message":"[runtime-status] [16844] Attempting to listen to socketPath: \\\\?\\pipe\\C:\\Users\\medbe\\OneDrive\\Desktop\\amazone-clone\\amazone-clone\\functions\\16844"}}
[debug] [2021-09-30T16:36:30.902Z] [functions] Runtime ready! Sending request! {"metadata":{"emulator":{"name":"functions"},"message":"[functions] Runtime ready! Sending request!"}}
[debug] [2021-09-30T16:36:30.904Z] [functions] Got req.url=/e-clone-cv/us-central1/api/payments/create?total=200, mapping to path=/payments/create?total=200 {"metadata":{"emulator":{"name":"functions"},"message":"[functions] Got req.url=/e-clone-cv/us-central1/api/payments/create?total=200, mapping to path=/payments/create?total=200"}}
[debug] [2021-09-30T16:36:30.922Z] [runtime-status] [16844] Ephemeral server handling POST request {"metadata":{"emulator":{"name":"functions"},"function":{"name":"us-central1-api"},"message":"[runtime-status] [16844] Ephemeral server handling POST request"}}
[debug] [2021-09-30T16:36:30.929Z] [runtime-status] [16844] Ephemeral server survived. {"metadata":{"emulator":{"name":"functions"},"function":{"name":"us-central1-api"},"message":"[runtime-status] [16844] Ephemeral server survived."}}
[info] >  paymentIntent pi_3JfSFFDCdRl38bAA1l0XjRXj_secret_4sMPGtPsN7Eic1grpdb5biOm0 {"user":"paymentIntent pi_3JfSFFDCdRl38bAA1l0XjRXj_secret_4sMPGtPsN7Eic1grpdb5biOm0","metadata":{"emulator":{"name":"functions"},"function":{"name":"us-central1-api"},"message":"\u001b[90m> \u001b[39m paymentIntent pi_3JfSFFDCdRl38bAA1l0XjRXj_secret_4sMPGtPsN7Eic1grpdb5biOm0"}}
[info] i  functions: Finished "us-central1-api" in ~1s {"metadata":{"emulator":{"name":"functions"},"function":{"name":"us-central1-api"},"message":"Finished \"us-central1-api\" in ~1s"}}
[debug] [2021-09-30T16:36:31.336Z] [worker-us-central1-api-a54ed06e-e1f4-406f-b74b-2f1bd2a093f4]: IDLE {"metadata":{"emulator":{"name":"functions"},"message":"[worker-us-central1-api-a54ed06e-e1f4-406f-b74b-2f1bd2a093f4]: IDLE"}}
[debug] [2021-09-30T16:36:31.338Z] [work-queue] {"queueLength":0,"workRunningCount":0}
